78 [18024] INFO perfrun.launcher <> - Launcher main begin
82 [18024] INFO perfrun.launcher <> - MessageCatalogInit finished
82 [18024] INFO perfrun.launcher <> - Launcher instance created
82 [18024] INFO perfrun.launcher <> - argc = 7; cmdline = C:\Program Files (x86)\Intel\oneAPI\vtune\latest\bin64\amplxe-runss.exe --ui-output-format xml --ui-output-fd 892 --option-file C:\Users\nathan\git-repos\MachLine\r008hs\config\runss.options 
99 [18024] INFO perfrun.launcher <> - New signal handler callback was added
132 [18024] INFO perfrun.perfcollector <> - SEP tool path: C:\Program Files (x86)\Intel\oneAPI\vtune\latest\bin64\sep.exe
148 [18024] INFO perfrun.launcher <> - create msngr2::ICliToolContext
148 [18024] INFO perfrun.launcher <> - create file finder object
148 [18024] INFO perfrun.launcher <> - create a result directory: pattern = C:\Users\nathan\git-repos\MachLine\r008hs pid = 4294967295
151 [18024] INFO perfrun.launcher <> - create data directory = C:\Users\nathan\git-repos\MachLine\r008hs\data.0
152 [18024] INFO perfrun.launcher <> - Creating the master collection flag
158 [18024] INFO perfrun.launcher <> - Done creating the master collection flag
158 [20072] INFO perfrun.launcher <> - plugin [remoteplug] was disabled because it doesn't support the given collection type.
159 [20072] INFO perfrun.sdk <> - Allocating TMU :C:\Users\nathan\git-repos\MachLine\r008hs\data.0\systemcollector-14000-AeroLab-Nathan.sc
159 [20072] INFO perfrun.launcher <> - plugin [] was disabled because it doesn't support the given collection type.
162 [20072] INFO perfrun.launcher <> - plugin [] was disabled because it doesn't support the given collection type.
162 [20072] INFO perfrun.launcher <> - plugin [gpu] was disabled because it doesn't support the given collection type.
162 [20072] INFO perfrun.launcher <> - plugin [etw.kernel] was disabled because it doesn't support the given collection type.
162 [20072] INFO perfrun.launcher <> - plugin [etw.dx] was disabled because it doesn't support the given collection type.
162 [20072] INFO perfrun.launcher <> - plugin [etw.wsa] was disabled because it doesn't support the given collection type.
162 [20072] INFO perfrun.mrte <> - system-wide mode is 0
162 [20072] INFO perfrun.mrte <> - Getting  mrte profiling environment ...
218 [20072] INFO perfrun.mrte <> - INTEL_MRTE_DATA_DIR=C:\Users\nathan\git-repos\MachLine\r008hs\data.0
218 [20072] INFO perfrun.mrte <> - INTEL_MRTE_HOST_NAME=AeroLab-Nathan
218 [20072] INFO perfrun.mrte <> - JAVA_TOOL_OPTIONS=-agentlib:amplxe_samplingmrte_javaprof_1.0
218 [20072] INFO perfrun.mrte <> - PATH=C:\Program Files (x86)\Intel\oneAPI\vtune\latest\bin32\runtime;C:\Program Files (x86)\Intel\oneAPI\vtune\latest\bin64\runtime;C:\Windows\system32;C:\Windows;C:\Windows\System32\Wbem;C:\Windows\System32\WindowsPowerShell\v1.0\;C:\Windows\System32\OpenSSH\;C:\Program Files\Git\cmd;C:\TDM-GCC-64\bin;C:\MinGW\msys\1.0\bin;C:\Program Files (x86)\PharosSystems\Core;C:\Program Files\dotnet\;C:\Program Files\Microsoft SQL Server\150\Tools\Binn\;C:\Program Files\Microsoft SQL Server\Client SDK\ODBC\170\Tools\Binn\;C:\Program Files (x86)\Windows Kits\10\Windows Performance Toolkit\;C:\Program Files\MATLAB\R2023b\bin;C:\Users\nathan\AppData\Local\Microsoft\WindowsApps;C:\Users\nathan\AppData\Local\Programs\Microsoft VS Code\bin;C:\Users\nathan\SU2\bin;C:\Program Files\SciTools\bin\pc-win64;C:\Users\nathan\.dotnet\tools;C:\Program Files (x86)\Intel\oneAPI\vtune\latest\bin64;
218 [20072] INFO perfrun.mrte <> - COR_ENABLE_PROFILING=1
218 [20072] INFO perfrun.mrte <> - COR_PROFILER={AA5E4821-E3B1-479c-B7FF-5AD047D22CED}
218 [20072] INFO perfrun.mrte <> - COMPLUS_ProfAPI_ProfilerCompatibilitySetting=EnableV2Profiler
218 [20072] INFO perfrun.mrte <> - CORECLR_ENABLE_PROFILING=1
218 [20072] INFO perfrun.mrte <> - CORECLR_PROFILER={AA5E4821-E3B1-479c-B7FF-5AD047D22CED}
218 [20072] INFO perfrun.mrte <> - CORECLR_PROFILER_PATH=C:\Program Files (x86)\Intel\oneAPI\vtune\latest\bin64/amplxe_samplingmrte_clrprof_1.0.dll
218 [20072] INFO perfrun.mrte <> - INTEL_MRTE_PROFILER_MODE=mixed
218 [20072] INFO perfrun.mrte <> - Data directory: C:\Users\nathan\git-repos\MachLine\r008hs\data.0
218 [20072] INFO perfrun.mrte <> - Mrte plugin is initialized
218 [20072] INFO perfrun.launcher <> - plugin [emon] was disabled because it doesn't support the given collection type.
218 [20072] INFO perfrun.launcher <> - plugin [cuscol] was disabled because it doesn't support the given collection type.
218 [20072] INFO perfrun.launcher <> - plugin [stdsrc] was disabled because it doesn't support the given collection type.
218 [20072] INFO perfrun.launcher <> - plugin [sep] was disabled because it doesn't support the given collection type.
218 [20072] INFO perfrun.launcher <> - plugin [vtsspp] was disabled because it doesn't support the given collection type.
218 [20072] INFO perfrun.launcher <> - plugin [perf] was disabled because it doesn't support the given collection type.
218 [20072] INFO perfrun.launcher <> - plugin [aoclprofile] was disabled because it doesn't support the given collection type.
218 [20072] INFO perfrun.tpss <> - initialize tpss controller
218 [20072] INFO perfrun.tpss <> - configure collection mode: value = cpu:counters:nostack
218 [20072] INFO perfrun.tpss <> - configure collection mode: value = cpu:stack
218 [20072] INFO perfrun.tpss <> - default obj-size-min=1024
218 [20072] INFO perfrun.tpss <> - default hash-table-size=0
219 [20072] INFO perfrun.launcher <> - plugin [] was disabled because it doesn't support the given collection type.
219 [20072] INFO perfrun.launcher <> - plugin [] was disabled because it doesn't support the given collection type.
219 [20072] INFO perfrun.launcher <> - plugin [] was disabled because it doesn't support the given collection type.
219 [20072] INFO perfrun.launcher <> - plugin [] was disabled because it doesn't support the given collection type.
219 [20072] INFO perfrun.launcher <> - plugin [power] was disabled because it doesn't support the given collection type.
219 [20072] INFO perfrun.launcher <> - plugin [] was disabled because it doesn't support the given collection type.
219 [20072] INFO perfrun.launcher <> - plugin [ipmwatch] was disabled because it doesn't support the given collection type.
219 [20072] INFO perfrun.launcher <> - plugin [os_counters] was disabled because it doesn't support the given collection type.
219 [20072] INFO perfrun.launcher <> - plugin [l0_metrics] was disabled because it doesn't support the given collection type.
219 [18024] INFO perfrun.launcher <> - set environment variable: PATH = C:\Program Files (x86)\Intel\oneAPI\vtune\latest\bin32\runtime;C:\Program Files (x86)\Intel\oneAPI\vtune\latest\bin64\runtime;C:\Windows\system32;C:\Windows;C:\Windows\System32\Wbem;C:\Windows\System32\WindowsPowerShell\v1.0\;C:\Windows\System32\OpenSSH\;C:\Program Files\Git\cmd;C:\TDM-GCC-64\bin;C:\MinGW\msys\1.0\bin;C:\Program Files (x86)\PharosSystems\Core;C:\Program Files\dotnet\;C:\Program Files\Microsoft SQL Server\150\Tools\Binn\;C:\Program Files\Microsoft SQL Server\Client SDK\ODBC\170\Tools\Binn\;C:\Program Files (x86)\Windows Kits\10\Windows Performance Toolkit\;C:\Program Files\MATLAB\R2023b\bin;C:\Users\nathan\AppData\Local\Microsoft\WindowsApps;C:\Users\nathan\AppData\Local\Programs\Microsoft VS Code\bin;C:\Users\nathan\SU2\bin;C:\Program Files\SciTools\bin\pc-win64;C:\Users\nathan\.dotnet\tools;C:\Program Files (x86)\Intel\oneAPI\vtune\latest\bin64;
219 [18024] INFO perfrun.launcher <> - set environment variable: INTEL_LIBITTNOTIFY32 = C:\Program Files (x86)\Intel\oneAPI\vtune\latest\bin32\runtime\ittnotify_collector.dll
219 [18024] INFO perfrun.launcher <> - set environment variable: INTEL_LIBITTNOTIFY64 = C:\Program Files (x86)\Intel\oneAPI\vtune\latest\bin64\runtime\ittnotify_collector.dll
219 [18024] INFO perfrun.launcher <> - set environment variable: INTEL_ITTNOTIFY_GROUPS = 
219 [18024] INFO perfrun.launcher <> - set environment variable: INTEL_JIT_PROFILER32 = C:\Program Files (x86)\Intel\oneAPI\vtune\latest\bin32\runtime\ittnotify_collector.dll
219 [18024] INFO perfrun.launcher <> - set environment variable: INTEL_JIT_PROFILER64 = C:\Program Files (x86)\Intel\oneAPI\vtune\latest\bin64\runtime\ittnotify_collector.dll
219 [18024] INFO perfrun.launcher <> - set environment variable: ENABLE_JITPROFILING = 1
219 [18024] INFO perfrun.launcher <> - set environment variable: CL_CONFIG_USE_VTUNE = True
219 [18024] INFO perfrun.launcher <> - set environment variable: KMP_FORKJOIN_FRAMES = 0
219 [18024] INFO perfrun.launcher <> - set environment variable: KMP_FORKJOIN_FRAMES_MODE = 0
220 [18024] INFO perfrun.launcher <> - set environment variable: INTEL_MRTE_DATA_DIR = C:\Users\nathan\git-repos\MachLine\r008hs\data.0
220 [18024] INFO perfrun.launcher <> - set environment variable: INTEL_MRTE_HOST_NAME = AeroLab-Nathan
220 [18024] INFO perfrun.launcher <> - set environment variable: JAVA_TOOL_OPTIONS = -agentlib:amplxe_samplingmrte_javaprof_1.0
220 [18024] INFO perfrun.launcher <> - set environment variable: PATH = C:\Program Files (x86)\Intel\oneAPI\vtune\latest\bin32\runtime;C:\Program Files (x86)\Intel\oneAPI\vtune\latest\bin64\runtime;C:\Windows\system32;C:\Windows;C:\Windows\System32\Wbem;C:\Windows\System32\WindowsPowerShell\v1.0\;C:\Windows\System32\OpenSSH\;C:\Program Files\Git\cmd;C:\TDM-GCC-64\bin;C:\MinGW\msys\1.0\bin;C:\Program Files (x86)\PharosSystems\Core;C:\Program Files\dotnet\;C:\Program Files\Microsoft SQL Server\150\Tools\Binn\;C:\Program Files\Microsoft SQL Server\Client SDK\ODBC\170\Tools\Binn\;C:\Program Files (x86)\Windows Kits\10\Windows Performance Toolkit\;C:\Program Files\MATLAB\R2023b\bin;C:\Users\nathan\AppData\Local\Microsoft\WindowsApps;C:\Users\nathan\AppData\Local\Programs\Microsoft VS Code\bin;C:\Users\nathan\SU2\bin;C:\Program Files\SciTools\bin\pc-win64;C:\Users\nathan\.dotnet\tools;C:\Program Files (x86)\Intel\oneAPI\vtune\latest\bin64;
220 [18024] INFO perfrun.launcher <> - set environment variable: COR_ENABLE_PROFILING = 1
220 [18024] INFO perfrun.launcher <> - set environment variable: COR_PROFILER = {AA5E4821-E3B1-479c-B7FF-5AD047D22CED}
220 [18024] INFO perfrun.launcher <> - set environment variable: COMPLUS_ProfAPI_ProfilerCompatibilitySetting = EnableV2Profiler
220 [18024] INFO perfrun.launcher <> - set environment variable: CORECLR_ENABLE_PROFILING = 1
220 [18024] INFO perfrun.launcher <> - set environment variable: CORECLR_PROFILER = {AA5E4821-E3B1-479c-B7FF-5AD047D22CED}
220 [18024] INFO perfrun.launcher <> - set environment variable: CORECLR_PROFILER_PATH = C:\Program Files (x86)\Intel\oneAPI\vtune\latest\bin64/amplxe_samplingmrte_clrprof_1.0.dll
220 [18024] INFO perfrun.launcher <> - set environment variable: INTEL_MRTE_PROFILER_MODE = mixed
220 [18024] INFO perfrun.launcher <> - RpcServer: run RPC server to handle requests
245 [18024] INFO perfrun.sdk <> - IProcessUtil: the given executable './machline.exe' is valid.
245 [18024] INFO perfrun.launcher <> - Launcher: command line to start before modification = ./machline.exe dev\input_files\adjoint_inputs\test_12.json
248 [18024] INFO perfrun.launcher <> - Launcher: command line to start after modification = C:\Program Files (x86)\Intel\oneAPI\vtune\2024.2\bin64\pin.exe -error_file C:\Users\nathan\git-repos\MachLine\r008hs\data.0\pinerr.tpsslog -detach_reattach -probe -follow_execv -p32 C:\Program Files (x86)\Intel\oneAPI\vtune\latest\bin32\pin.exe -p64 C:\Program Files (x86)\Intel\oneAPI\vtune\latest\bin64\pin.exe -t64 C:\Program Files (x86)\Intel\oneAPI\vtune\latest\bin64\tpsstool.dll -t C:\Program Files (x86)\Intel\oneAPI\vtune\latest\bin32\tpsstool.dll -server_name tpss_ipc.14000 -prd_dir C:\Program Files (x86)\Intel\oneAPI\vtune\2024.2 -- ./machline.exe dev\input_files\adjoint_inputs\test_12.json
248 [18024] INFO perfrun.launcher <> - ProcessCreator object was created
251 [18024] INFO perfrun.launcher <> - Launcher: the process was started in suspend mode
253 [20072] INFO perfrun.itt <> - start itt controller for pid #9040
254 [20072] INFO perfrun.tpss <> - start tpss controller for pid #9040
316 [18024] INFO perfrun.launcher <> - Launcher: all plugins were started
316 [18024] INFO perfrun.launcher <> - DirectoryMonitor object was created
316 [18024] INFO perfrun.launcher <> - DirectoryMonitor: a callback was added
316 [18024] INFO perfrun.launcher <> - DirectoryMonitor was started with pingTime = 1000
316 [18024] INFO perfrun.launcher <> - DeadlineTimer is going to be constructed
317 [18024] INFO perfrun.launcher <> - DeadlineTimer: a callback was added
323 [18024] INFO perfrun.launcher <> - Launcher: resume the profiled application and  wait its termination or stop command
581507 [12136] ERROR perfrun.launcher <> - Messenger::say: Failed to get a thread handle when attaching to the process due to OS error (Access is denied.
). Data for the thread will not be collected.
581525 [19080] ERROR perfrun.launcher <> - Messenger::say: Failed to get a thread handle when attaching to the process due to OS error (Access is denied.
). Data for the thread will not be collected.
581526 [14740] ERROR perfrun.launcher <> - Messenger::say: Failed to get a thread handle when attaching to the process due to OS error (Access is denied.
). Data for the thread will not be collected.
581583 [8536] ERROR perfrun.launcher <> - Messenger::say: Failed to get a thread handle when attaching to the process due to OS error (Access is denied.
). Data for the thread will not be collected.
581595 [14592] ERROR perfrun.launcher <> - Messenger::say: Failed to get a thread handle when attaching to the process due to OS error (Access is denied.
). Data for the thread will not be collected.
581627 [12792] ERROR perfrun.launcher <> - Messenger::say: Failed to get a thread handle when attaching to the process due to OS error (Access is denied.
). Data for the thread will not be collected.
581659 [15796] ERROR perfrun.launcher <> - Messenger::say: Failed to get a thread handle when attaching to the process due to OS error (Access is denied.
). Data for the thread will not be collected.
581695 [16820] ERROR perfrun.launcher <> - Messenger::say: Failed to get a thread handle when attaching to the process due to OS error (Access is denied.
). Data for the thread will not be collected.
581713 [15580] ERROR perfrun.launcher <> - Messenger::say: Failed to get a thread handle when attaching to the process due to OS error (Access is denied.
). Data for the thread will not be collected.
581844 [20080] INFO perfrun.launcher <> - SignalHandler: signal #2 was caught
581856 [18024] WARN perfrun.sdk <> - Unexpected exit status - -1073741510, at file: vcs\perfrun1\sdk\src\utils_win.cpp:541
581856 [18024] INFO perfrun.launcher <> - Launcher: the profiled application was terminated  with exit code = -1073741510
581875 [20072] INFO perfrun.itt <> - detach itt controller
581875 [20072] INFO perfrun.itt <> - detach itt controller done
581875 [20072] INFO perfrun.tpss <> - stop tpss controller
581876 [20072] INFO perfrun.sdk <> - De-allocating TMU: C:\Users\nathan\git-repos\MachLine\r008hs\data.0\systemcollector-14000-AeroLab-Nathan.sc
581906 [20072] INFO perfrun.system <> - closed the system trace file: C:\Users\nathan\git-repos\MachLine\r008hs\data.0\systemcollector-14000-AeroLab-Nathan.sc
581907 [18024] INFO perfrun.launcher <> - Launcher: all plugins were stopped.
581907 [18024] INFO perfrun.launcher <> - DeadlineTimer is going to be destroyed
581907 [18024] INFO perfrun.launcher <> - DeadlineTimer was destroyed
581908 [18024] INFO perfrun.launcher <> - DirectoryMonitor object was destroyed
581908 [18024] WARN perfrun.launcher <> - Stop command is ignored because it is received when collection is already stopped, at file: vcs\perfrun1\launcher\src\command_handler.cpp:226
581909 [18024] INFO perfrun.launcher <> - Application exit code: -1073741510
581909 [18024] INFO perfrun.launcher <> - Exit code: 4
